-------------------------------------------------------------------------------
Test set: crm.EcommerceBackendApplicationTests
-------------------------------------------------------------------------------
Tests run: 1, Failures: 0, Errors: 1, Skipped: 0, Time elapsed: 0.845 s <<< FAILURE! - in crm.EcommerceBackendApplicationTests
crm.EcommerceBackendApplicationTests  Time elapsed: 0.841 s  <<< ERROR!
java.lang.IllegalStateException: Unable to find a @SpringBootConfiguration, you need to use @ContextConfiguration or @SpringBootTest(classes=...) with your test

